2026-05-01 14:21:23,725 INFO backend Signup attempt for email=owner@test.com
2026-05-01 14:21:24,247 INFO backend Signup successful for email=owner@test.com
2026-05-01 14:21:24,251 INFO backend Login attempt for email=owner@test.com
2026-05-01 14:21:24,823 INFO backend Login successful for email=owner@test.com
2026-05-01 14:21:24,835 INFO backend Opportunity created admin_id=1 opportunity_id=1
2026-05-01 14:21:24,836 INFO backend Signup attempt for email=other@test.com
2026-05-01 14:21:25,267 INFO backend Signup successful for email=other@test.com
2026-05-01 14:21:25,269 INFO backend Login attempt for email=other@test.com
2026-05-01 14:21:25,778 INFO backend Login successful for email=other@test.com
2026-05-01 14:21:25,783 WARNING backend Forbidden access: Access denied
2026-05-01 14:21:25,810 INFO backend Signup attempt for email=opportunity@test.com
2026-05-01 14:21:26,269 INFO backend Signup successful for email=opportunity@test.com
2026-05-01 14:21:26,270 INFO backend Login attempt for email=opportunity@test.com
2026-05-01 14:21:26,749 INFO backend Login successful for email=opportunity@test.com
2026-05-01 14:21:26,757 INFO backend Opportunity created admin_id=1 opportunity_id=1
2026-05-01 14:21:26,783 INFO backend Opportunity updated admin_id=1 opportunity_id=1
2026-05-01 14:21:26,789 INFO backend Opportunity deleted admin_id=1 opportunity_id=1
2026-05-01 14:21:26,792 WARNING backend Not found: Opportunity not found
2026-05-01 14:21:26,812 INFO backend Signup attempt for email=paging@test.com
2026-05-01 14:21:27,251 INFO backend Signup successful for email=paging@test.com
2026-05-01 14:21:27,252 INFO backend Login attempt for email=paging@test.com
2026-05-01 14:21:27,755 INFO backend Login successful for email=paging@test.com
2026-05-01 14:21:27,762 INFO backend Opportunity created admin_id=1 opportunity_id=1
2026-05-01 14:21:27,767 INFO backend Opportunity created admin_id=1 opportunity_id=2
2026-05-01 14:21:27,772 INFO backend Opportunity created admin_id=1 opportunity_id=3
2026-05-01 14:21:27,776 INFO backend Opportunity created admin_id=1 opportunity_id=4
2026-05-01 14:21:27,780 INFO backend Opportunity created admin_id=1 opportunity_id=5
2026-05-01 14:22:22,928 INFO backend Signup attempt for email=owner@test.com
2026-05-01 14:22:23,472 INFO backend Signup successful for email=owner@test.com
2026-05-01 14:22:23,474 INFO backend Login attempt for email=owner@test.com
2026-05-01 14:22:23,947 INFO backend Login successful for email=owner@test.com
2026-05-01 14:22:23,964 INFO backend Opportunity created admin_id=1 opportunity_id=1
2026-05-01 14:22:23,966 INFO backend Signup attempt for email=other@test.com
2026-05-01 14:22:24,470 INFO backend Signup successful for email=other@test.com
2026-05-01 14:22:24,471 INFO backend Login attempt for email=other@test.com
2026-05-01 14:22:24,961 INFO backend Login successful for email=other@test.com
2026-05-01 14:22:24,965 WARNING backend Forbidden access: Access denied
2026-05-01 14:22:24,979 INFO backend Signup attempt for email=opportunity@test.com
2026-05-01 14:22:25,366 INFO backend Signup successful for email=opportunity@test.com
2026-05-01 14:22:25,367 INFO backend Login attempt for email=opportunity@test.com
2026-05-01 14:22:25,750 INFO backend Login successful for email=opportunity@test.com
2026-05-01 14:22:25,758 INFO backend Opportunity created admin_id=1 opportunity_id=1
2026-05-01 14:22:25,775 INFO backend Opportunity updated admin_id=1 opportunity_id=1
2026-05-01 14:22:25,782 INFO backend Opportunity deleted admin_id=1 opportunity_id=1
2026-05-01 14:22:25,785 WARNING backend Not found: Opportunity not found
2026-05-01 14:22:25,802 INFO backend Signup attempt for email=paging@test.com
2026-05-01 14:22:26,267 INFO backend Signup successful for email=paging@test.com
2026-05-01 14:22:26,268 INFO backend Login attempt for email=paging@test.com
2026-05-01 14:22:26,705 INFO backend Login successful for email=paging@test.com
2026-05-01 14:22:26,711 INFO backend Opportunity created admin_id=1 opportunity_id=1
2026-05-01 14:22:26,715 INFO backend Opportunity created admin_id=1 opportunity_id=2
2026-05-01 14:22:26,719 INFO backend Opportunity created admin_id=1 opportunity_id=3
2026-05-01 14:22:26,723 INFO backend Opportunity created admin_id=1 opportunity_id=4
2026-05-01 14:22:26,728 INFO backend Opportunity created admin_id=1 opportunity_id=5
2026-05-01 14:41:59,358 INFO backend Signup attempt for email=tarunlakkimsetty@gmail.com
2026-05-01 14:42:00,969 INFO backend Signup successful for email=tarunlakkimsetty@gmail.com
2026-05-01 14:42:19,788 INFO backend Login attempt for email=tarunlakkimsetty@gmail.com
2026-05-01 14:42:20,578 INFO backend Login successful for email=tarunlakkimsetty@gmail.com
2026-05-01 14:45:09,424 INFO backend Opportunity created admin_id=3 opportunity_id=2
2026-05-01 14:46:33,753 INFO backend Opportunity updated admin_id=3 opportunity_id=2
2026-05-01 14:56:28,770 INFO backend Opportunity deleted admin_id=3 opportunity_id=2
2026-05-01 14:58:51,348 INFO backend Opportunity created admin_id=3 opportunity_id=3
2026-05-01 15:03:01,136 INFO backend Opportunity created admin_id=3 opportunity_id=4
2026-05-01 15:10:07,698 INFO backend Opportunity updated admin_id=3 opportunity_id=4
2026-05-01 15:10:17,921 INFO backend Opportunity updated admin_id=3 opportunity_id=4
2026-05-01 15:10:28,913 INFO backend Opportunity deleted admin_id=3 opportunity_id=4
2026-05-01 15:26:08,626 INFO backend Opportunity updated admin_id=3 opportunity_id=3
2026-05-01 15:29:38,700 INFO backend Opportunity updated admin_id=3 opportunity_id=3
2026-05-01 15:29:45,730 INFO backend Opportunity updated admin_id=3 opportunity_id=3
2026-05-01 15:29:51,869 INFO backend Opportunity deleted admin_id=3 opportunity_id=3
2026-05-01 15:43:46,364 INFO backend Login attempt for email=tarunlakkimsetty@gmail.com
2026-05-01 15:43:47,078 INFO backend Login successful for email=tarunlakkimsetty@gmail.com
2026-05-01 15:45:05,750 INFO backend Opportunity created admin_id=3 opportunity_id=5
2026-05-01 15:45:26,476 INFO backend Opportunity updated admin_id=3 opportunity_id=5
2026-05-01 15:45:41,349 INFO backend Opportunity deleted admin_id=3 opportunity_id=5
